
Book ãƒ¢ãƒ‡ãƒ«ã«é–¢ã™ã‚‹ãƒ†ã‚¹ãƒˆ
  å®Ÿéš›ã«ä¿å­˜ã—ã¦ã¿ã‚‹
[32m    æœ‰åŠ¹ãªæŠ•ç¨¿å†…å®¹ã®å ´åˆã¯ä¿å­˜ã•ã‚Œã‚‹ã‹[0m
  ç©ºç™½ã®ãƒãƒªãƒ‡ãƒ¼ã‚·ãƒ§ãƒ³ãƒã‚§ãƒƒã‚¯
[32m    titleãŒç©ºç™½ã®å ´åˆã«ãƒãƒªãƒ‡ãƒ¼ã‚·ãƒ§ãƒ³ãƒã‚§ãƒƒã‚¯ã•ã‚Œç©ºç™½ã®ã‚¨ãƒ©ãƒ¼ãƒ¡ãƒƒã‚»ãƒ¼ã‚¸ãŒè¿”ã£ã¦ãã¦ã„ã‚‹ã‹[0m
[32m    bodyãŒç©ºç™½ã®å ´åˆã«ãƒãƒªãƒ‡ãƒ¼ã‚·ãƒ§ãƒ³ãƒã‚§ãƒƒã‚¯ã•ã‚Œç©ºç™½ã®ã‚¨ãƒ©ãƒ¼ãƒ¡ãƒƒã‚»ãƒ¼ã‚¸ãŒè¿”ã£ã¦ãã¦ã„ã‚‹ã‹[0m
  titleã‚’ç©ºç™½ã§æŠ•ç¨¿ã—ãŸå ´åˆã«ç”»é¢ã«ã‚¨ãƒ©ãƒ¼ãƒ¡ãƒƒã‚»ãƒ¼ã‚¸ãŒè¡¨ç¤ºã•ã‚Œã¦ã„ã‚‹ã‹
[32m    ã‚¨ãƒ©ãƒ¼ãƒ¡ãƒƒã‚»ãƒ¼ã‚¸ã¯æ­£ã—ãè¡¨ç¤ºã•ã‚Œã‚‹ã‹[0m
  bodyã‚’ç©ºç™½ã§æŠ•ç¨¿ã—ãŸå ´åˆã«ç”»é¢ã«ã‚¨ãƒ©ãƒ¼ãƒ¡ãƒƒã‚»ãƒ¼ã‚¸ãŒè¡¨ç¤ºã•ã‚Œã¦ã„ã‚‹ã‹
[32m    ã‚¨ãƒ©ãƒ¼ãƒ¡ãƒƒã‚»ãƒ¼ã‚¸ã¯æ­£ã—ãè¡¨ç¤ºã•ã‚Œã‚‹ã‹[0m

æŠ•ç¨¿ã®ãƒ†ã‚¹ãƒˆ
  ãƒˆãƒƒãƒ—ç”»é¢(root_path)ã®ãƒ†ã‚¹ãƒˆ
    è¡¨ç¤ºã®ç¢ºèª
[32m      ãƒˆãƒƒãƒ—ç”»é¢(root_path)ã«ä¸€è¦§ãƒšãƒ¼ã‚¸ã¸ã®ãƒªãƒ³ã‚¯ãŒè¡¨ç¤ºã•ã‚Œã¦ã„ã‚‹ã‹[0m
[32m      root_pathãŒ"/"ã§ã‚ã‚‹ã‹[0m
  ä¸€è¦§ç”»é¢ã®ãƒ†ã‚¹ãƒˆ
    ä¸€è¦§ã®è¡¨ç¤ºã¨ãƒªãƒ³ã‚¯ã®ç¢ºèª
[32m      bookã®ä¸€è¦§è¡¨ç¤º(tableã‚¿ã‚°)ã¨æŠ•ç¨¿ãƒ•ã‚©ãƒ¼ãƒ ãŒåŒä¸€ç”»é¢ã«è¡¨ç¤ºã•ã‚Œã¦ã„ã‚‹ã‹[0m
[31m      bookã®ã‚¿ã‚¤ãƒˆãƒ«ã¨æ„Ÿæƒ³ã‚’è¡¨ç¤ºã—ã€è©³ç´°ãƒ»ç·¨é›†ãƒ»å‰Šé™¤ã®ãƒªãƒ³ã‚¯ãŒè¡¨ç¤ºã•ã‚Œã¦ã„ã‚‹ã‹ (FAILED - 1)[0m
[32m      Create Bookãƒœã‚¿ãƒ³ãŒè¡¨ç¤ºã•ã‚Œã‚‹[0m
    æŠ•ç¨¿å‡¦ç†ã«é–¢ã™ã‚‹ãƒ†ã‚¹ãƒˆ
[31m      æŠ•ç¨¿ã«æˆåŠŸã—ã‚µã‚¯ã‚»ã‚¹ãƒ¡ãƒƒã‚»ãƒ¼ã‚¸ãŒè¡¨ç¤ºã•ã‚Œã‚‹ã‹ (FAILED - 2)[0m
[32m      æŠ•ç¨¿ã«å¤±æ•—ã™ã‚‹[0m
[32m      æŠ•ç¨¿å¾Œã®ãƒªãƒ€ã‚¤ãƒ¬ã‚¯ãƒˆå…ˆã¯æ­£ã—ã„ã‹[0m
    bookå‰Šé™¤ã®ãƒ†ã‚¹ãƒˆ
[32m      application.html.erbã«javascript_pack_tagã‚’å«ã‚“ã§ã„ã‚‹ã‹[0m
[31m      bookã®å‰Šé™¤ (FAILED - 3)[0m
  è©³ç´°ç”»é¢ã®ãƒ†ã‚¹ãƒˆ
    è¡¨ç¤ºã®ç¢ºèª
[32m      æœ¬ã®ã‚¿ã‚¤ãƒˆãƒ«ã¨æ„Ÿæƒ³ãŒç”»é¢ã«è¡¨ç¤ºã•ã‚Œã¦ã„ã‚‹ã“ã¨[0m
[32m      Editãƒªãƒ³ã‚¯ãŒè¡¨ç¤ºã•ã‚Œã‚‹[0m
[32m      Backãƒªãƒ³ã‚¯ãŒè¡¨ç¤ºã•ã‚Œã‚‹[0m
    ãƒªãƒ³ã‚¯ã®é·ç§»å…ˆã®ç¢ºèª
[32m      Editã®é·ç§»å…ˆã¯ç·¨é›†ç”»é¢ã‹[0m
[32m      Backã®é·ç§»å…ˆã¯ä¸€è¦§ç”»é¢ã‹[0m
  ç·¨é›†ç”»é¢ã®ãƒ†ã‚¹ãƒˆ
    è¡¨ç¤ºã®ç¢ºèª
[32m      ç·¨é›†å‰ã®ã‚¿ã‚¤ãƒˆãƒ«ã¨æ„Ÿæƒ³ãŒãƒ•ã‚©ãƒ¼ãƒ ã«è¡¨ç¤º(ã‚»ãƒƒãƒˆ)ã•ã‚Œã¦ã„ã‚‹[0m
[32m      Update Bookãƒœã‚¿ãƒ³ãŒè¡¨ç¤ºã•ã‚Œã‚‹[0m
[31m      Showãƒªãƒ³ã‚¯ãŒè¡¨ç¤ºã•ã‚Œã‚‹ (FAILED - 4)[0m
[31m      Backãƒªãƒ³ã‚¯ãŒè¡¨ç¤ºã•ã‚Œã‚‹ (FAILED - 5)[0m
    ãƒªãƒ³ã‚¯ã®é·ç§»å…ˆã®ç¢ºèª
[31m      Showã®é·ç§»å…ˆã¯è©³ç´°ç”»é¢ã‹ (FAILED - 6)[0m
[31m      Backã®é·ç§»å…ˆã¯ä¸€è¦§ç”»é¢ã‹ (FAILED - 7)[0m
    æ›´æ–°å‡¦ç†ã«é–¢ã™ã‚‹ãƒ†ã‚¹ãƒˆ
[31m      æ›´æ–°ã«æˆåŠŸã—ã‚µã‚¯ã‚»ã‚¹ãƒ¡ãƒƒã‚»ãƒ¼ã‚¸ãŒè¡¨ç¤ºã•ã‚Œã‚‹ã‹ (FAILED - 8)[0m
[31m      æ›´æ–°ã«å¤±æ•—ã—ã‚¨ãƒ©ãƒ¼ãƒ¡ãƒƒã‚»ãƒ¼ã‚¸ãŒè¡¨ç¤ºã•ã‚Œã‚‹ã‹ (FAILED - 9)[0m
[32m      æ›´æ–°å¾Œã®ãƒªãƒ€ã‚¤ãƒ¬ã‚¯ãƒˆå…ˆã¯æ­£ã—ã„ã‹[0m

Failures:

  1) æŠ•ç¨¿ã®ãƒ†ã‚¹ãƒˆ ä¸€è¦§ç”»é¢ã®ãƒ†ã‚¹ãƒˆ ä¸€è¦§ã®è¡¨ç¤ºã¨ãƒªãƒ³ã‚¯ã®ç¢ºèª bookã®ã‚¿ã‚¤ãƒˆãƒ«ã¨æ„Ÿæƒ³ã‚’è¡¨ç¤ºã—ã€è©³ç´°ãƒ»ç·¨é›†ãƒ»å‰Šé™¤ã®ãƒªãƒ³ã‚¯ãŒè¡¨ç¤ºã•ã‚Œã¦ã„ã‚‹ã‹
     [31mFailure/Error: expect(show_link.native.inner_text).to match(/destroy/i)[0m
     [31m[0m
     [31m  expected "Destory" to match /destroy/i[0m
     [31m  Diff:[0m[0m
     [31m  [0m[34m@@ -1 +1 @@[0m
     [31m  [0m[31m-/destroy/i[0m
     [31m  [0m[32m+"Destory"[0m
     [31m  [0m[0m
     [36m# ./spec/system/books_spec.rb:47:in `block (5 levels) in <main>'[0m
     [36m# ./spec/system/books_spec.rb:33:in `each_with_index'[0m
     [36m# ./spec/system/books_spec.rb:33:in `block (4 levels) in <main>'[0m

  2) æŠ•ç¨¿ã®ãƒ†ã‚¹ãƒˆ ä¸€è¦§ç”»é¢ã®ãƒ†ã‚¹ãƒˆ æŠ•ç¨¿å‡¦ç†ã«é–¢ã™ã‚‹ãƒ†ã‚¹ãƒˆ æŠ•ç¨¿ã«æˆåŠŸã—ã‚µã‚¯ã‚»ã‚¹ãƒ¡ãƒƒã‚»ãƒ¼ã‚¸ãŒè¡¨ç¤ºã•ã‚Œã‚‹ã‹
     [31mFailure/Error: expect(page).to have_content 'successfully'[0m
     [31m  expected to find text "successfully" in "æŠ•ç¨¿ãŒã‚ã‚Šã¾ã—ãŸ\nTitle\n6oai6\nBody\nyxh15lj4v52or39kk9oh\nEdit Back"[0m
     [36m# ./spec/system/books_spec.rb:60:in `block (4 levels) in <main>'[0m

  3) æŠ•ç¨¿ã®ãƒ†ã‚¹ãƒˆ ä¸€è¦§ç”»é¢ã®ãƒ†ã‚¹ãƒˆ bookå‰Šé™¤ã®ãƒ†ã‚¹ãƒˆ bookã®å‰Šé™¤
     [31mFailure/Error: click_link 'Destroy', match: :first[0m
     [31m[0m
     [31mCapybara::ElementNotFound:[0m
     [31m  Unable to find link "Destroy"[0m
     [36m# /home/ec2-user/.rvm/gems/ruby-3.1.2/gems/capybara-3.38.0/lib/capybara/node/finders.rb:310:in `block in synced_resolve'[0m
     [36m# /home/ec2-user/.rvm/gems/ruby-3.1.2/gems/capybara-3.38.0/lib/capybara/node/base.rb:84:in `synchronize'[0m
     [36m# /home/ec2-user/.rvm/gems/ruby-3.1.2/gems/capybara-3.38.0/lib/capybara/node/finders.rb:299:in `synced_resolve'[0m
     [36m# /home/ec2-user/.rvm/gems/ruby-3.1.2/gems/capybara-3.38.0/lib/capybara/node/finders.rb:60:in `find'[0m
     [36m# /home/ec2-user/.rvm/gems/ruby-3.1.2/gems/capybara-3.38.0/lib/capybara/node/actions.rb:42:in `click_link'[0m
     [36m# /home/ec2-user/.rvm/gems/ruby-3.1.2/gems/capybara-3.38.0/lib/capybara/session.rb:773:in `click_link'[0m
     [36m# /home/ec2-user/.rvm/gems/ruby-3.1.2/gems/capybara-3.38.0/lib/capybara/dsl.rb:52:in `call'[0m
     [36m# /home/ec2-user/.rvm/gems/ruby-3.1.2/gems/capybara-3.38.0/lib/capybara/dsl.rb:52:in `click_link'[0m
     [36m# ./spec/system/books_spec.rb:88:in `block (4 levels) in <main>'[0m

  4) æŠ•ç¨¿ã®ãƒ†ã‚¹ãƒˆ ç·¨é›†ç”»é¢ã®ãƒ†ã‚¹ãƒˆ è¡¨ç¤ºã®ç¢ºèª Showãƒªãƒ³ã‚¯ãŒè¡¨ç¤ºã•ã‚Œã‚‹
     [31mFailure/Error: expect(show_link.native.inner_text).to match(/show/i)[0m
     [31m[0m
     [31m  expected "Back" to match /show/i[0m
     [31m  Diff:[0m[0m
     [31m  [0m[34m@@ -1 +1 @@[0m
     [31m  [0m[31m-/show/i[0m
     [31m  [0m[32m+"Back"[0m
     [31m  [0m[0m
     [36m# ./spec/system/books_spec.rb:140:in `block (4 levels) in <main>'[0m

  5) æŠ•ç¨¿ã®ãƒ†ã‚¹ãƒˆ ç·¨é›†ç”»é¢ã®ãƒ†ã‚¹ãƒˆ è¡¨ç¤ºã®ç¢ºèª Backãƒªãƒ³ã‚¯ãŒè¡¨ç¤ºã•ã‚Œã‚‹
     [31mFailure/Error: expect(back_link.native.inner_text).to match(/back/i)[0m
     [31m[0m
     [31mNoMethodError:[0m
     [31m  undefined method `native' for nil:NilClass[0m
     [31m[0m
     [31m          expect(back_link.native.inner_text).to match(/back/i)[0m
     [31m                          ^^^^^^^[0m
     [36m# ./spec/system/books_spec.rb:144:in `block (4 levels) in <main>'[0m

  6) æŠ•ç¨¿ã®ãƒ†ã‚¹ãƒˆ ç·¨é›†ç”»é¢ã®ãƒ†ã‚¹ãƒˆ ãƒªãƒ³ã‚¯ã®é·ç§»å…ˆã®ç¢ºèª Showã®é·ç§»å…ˆã¯è©³ç´°ç”»é¢ã‹
     [31mFailure/Error: expect(current_path).to eq('/books/' + book.id.to_s)[0m
     [31m[0m
     [31m  expected: "/books/1"[0m
     [31m       got: "/books"[0m
     [31m[0m
     [31m  (compared using ==)[0m
     [36m# ./spec/system/books_spec.rb:151:in `block (4 levels) in <main>'[0m

  7) æŠ•ç¨¿ã®ãƒ†ã‚¹ãƒˆ ç·¨é›†ç”»é¢ã®ãƒ†ã‚¹ãƒˆ ãƒªãƒ³ã‚¯ã®é·ç§»å…ˆã®ç¢ºèª Backã®é·ç§»å…ˆã¯ä¸€è¦§ç”»é¢ã‹
     [31mFailure/Error: back_link.click[0m
     [31m[0m
     [31mNoMethodError:[0m
     [31m  undefined method `click' for nil:NilClass[0m
     [31m[0m
     [31m          back_link.click[0m
     [31m                   ^^^^^^[0m
     [36m# ./spec/system/books_spec.rb:155:in `block (4 levels) in <main>'[0m

  8) æŠ•ç¨¿ã®ãƒ†ã‚¹ãƒˆ ç·¨é›†ç”»é¢ã®ãƒ†ã‚¹ãƒˆ æ›´æ–°å‡¦ç†ã«é–¢ã™ã‚‹ãƒ†ã‚¹ãƒˆ æ›´æ–°ã«æˆåŠŸã—ã‚µã‚¯ã‚»ã‚¹ãƒ¡ãƒƒã‚»ãƒ¼ã‚¸ãŒè¡¨ç¤ºã•ã‚Œã‚‹ã‹
     [31mFailure/Error: expect(page).to have_content 'successfully'[0m
     [31m  expected to find text "successfully" in "ç·¨é›†ã—ã¾ã—ãŸ\nTitle\n6zikj\nBody\nzzyil5s2ty1vj8ptfkvp\nEdit Back"[0m
     [36m# ./spec/system/books_spec.rb:164:in `block (4 levels) in <main>'[0m

  9) æŠ•ç¨¿ã®ãƒ†ã‚¹ãƒˆ ç·¨é›†ç”»é¢ã®ãƒ†ã‚¹ãƒˆ æ›´æ–°å‡¦ç†ã«é–¢ã™ã‚‹ãƒ†ã‚¹ãƒˆ æ›´æ–°ã«å¤±æ•—ã—ã‚¨ãƒ©ãƒ¼ãƒ¡ãƒƒã‚»ãƒ¼ã‚¸ãŒè¡¨ç¤ºã•ã‚Œã‚‹ã‹
     [31mFailure/Error: expect(page).to have_content 'error'[0m
     [31m  expected to find text "error" in "Editing Book\n2ä»¶ã®ã‚¨ãƒ©ãƒ¼ãŒç™ºç”Ÿã—ã¾ã—ãŸ\nTitle can't be blank Body can't be blank\nTitle\nBody\nBack"[0m
     [36m# ./spec/system/books_spec.rb:170:in `block (4 levels) in <main>'[0m

Finished in 2.35 seconds (files took 1.91 seconds to load)
[31m29 examples, 9 failures[0m

Failed examples:

[31mrspec ./spec/system/books_spec.rb:28[0m [36m# æŠ•ç¨¿ã®ãƒ†ã‚¹ãƒˆ ä¸€è¦§ç”»é¢ã®ãƒ†ã‚¹ãƒˆ ä¸€è¦§ã®è¡¨ç¤ºã¨ãƒªãƒ³ã‚¯ã®ç¢ºèª bookã®ã‚¿ã‚¤ãƒˆãƒ«ã¨æ„Ÿæƒ³ã‚’è¡¨ç¤ºã—ã€è©³ç´°ãƒ»ç·¨é›†ãƒ»å‰Šé™¤ã®ãƒªãƒ³ã‚¯ãŒè¡¨ç¤ºã•ã‚Œã¦ã„ã‚‹ã‹[0m
[31mrspec ./spec/system/books_spec.rb:56[0m [36m# æŠ•ç¨¿ã®ãƒ†ã‚¹ãƒˆ ä¸€è¦§ç”»é¢ã®ãƒ†ã‚¹ãƒˆ æŠ•ç¨¿å‡¦ç†ã«é–¢ã™ã‚‹ãƒ†ã‚¹ãƒˆ æŠ•ç¨¿ã«æˆåŠŸã—ã‚µã‚¯ã‚»ã‚¹ãƒ¡ãƒƒã‚»ãƒ¼ã‚¸ãŒè¡¨ç¤ºã•ã‚Œã‚‹ã‹[0m
[31mrspec ./spec/system/books_spec.rb:86[0m [36m# æŠ•ç¨¿ã®ãƒ†ã‚¹ãƒˆ ä¸€è¦§ç”»é¢ã®ãƒ†ã‚¹ãƒˆ bookå‰Šé™¤ã®ãƒ†ã‚¹ãƒˆ bookã®å‰Šé™¤[0m
[31mrspec ./spec/system/books_spec.rb:138[0m [36m# æŠ•ç¨¿ã®ãƒ†ã‚¹ãƒˆ ç·¨é›†ç”»é¢ã®ãƒ†ã‚¹ãƒˆ è¡¨ç¤ºã®ç¢ºèª Showãƒªãƒ³ã‚¯ãŒè¡¨ç¤ºã•ã‚Œã‚‹[0m
[31mrspec ./spec/system/books_spec.rb:142[0m [36m# æŠ•ç¨¿ã®ãƒ†ã‚¹ãƒˆ ç·¨é›†ç”»é¢ã®ãƒ†ã‚¹ãƒˆ è¡¨ç¤ºã®ç¢ºèª Backãƒªãƒ³ã‚¯ãŒè¡¨ç¤ºã•ã‚Œã‚‹[0m
[31mrspec ./spec/system/books_spec.rb:148[0m [36m# æŠ•ç¨¿ã®ãƒ†ã‚¹ãƒˆ ç·¨é›†ç”»é¢ã®ãƒ†ã‚¹ãƒˆ ãƒªãƒ³ã‚¯ã®é·ç§»å…ˆã®ç¢ºèª Showã®é·ç§»å…ˆã¯è©³ç´°ç”»é¢ã‹[0m
[31mrspec ./spec/system/books_spec.rb:153[0m [36m# æŠ•ç¨¿ã®ãƒ†ã‚¹ãƒˆ ç·¨é›†ç”»é¢ã®ãƒ†ã‚¹ãƒˆ ãƒªãƒ³ã‚¯ã®é·ç§»å…ˆã®ç¢ºèª Backã®é·ç§»å…ˆã¯ä¸€è¦§ç”»é¢ã‹[0m
[31mrspec ./spec/system/books_spec.rb:160[0m [36m# æŠ•ç¨¿ã®ãƒ†ã‚¹ãƒˆ ç·¨é›†ç”»é¢ã®ãƒ†ã‚¹ãƒˆ æ›´æ–°å‡¦ç†ã«é–¢ã™ã‚‹ãƒ†ã‚¹ãƒˆ æ›´æ–°ã«æˆåŠŸã—ã‚µã‚¯ã‚»ã‚¹ãƒ¡ãƒƒã‚»ãƒ¼ã‚¸ãŒè¡¨ç¤ºã•ã‚Œã‚‹ã‹[0m
[31mrspec ./spec/system/books_spec.rb:166[0m [36m# æŠ•ç¨¿ã®ãƒ†ã‚¹ãƒˆ ç·¨é›†ç”»é¢ã®ãƒ†ã‚¹ãƒˆ æ›´æ–°å‡¦ç†ã«é–¢ã™ã‚‹ãƒ†ã‚¹ãƒˆ æ›´æ–°ã«å¤±æ•—ã—ã‚¨ãƒ©ãƒ¼ãƒ¡ãƒƒã‚»ãƒ¼ã‚¸ãŒè¡¨ç¤ºã•ã‚Œã‚‹ã‹[0m

